<?xml version="1.0" encoding="UTF-8"?>
<TestRun id="8474d6ce-8528-4278-b0e5-3753cd3c1224" name="Michael@MTUTTY-LAP 2011-09-10 19:58:20" runUser="mtutty-lap\Michael" xmlns="http://microsoft.com/schemas/VisualStudio/TeamTest/2010">
  <TestSettings name="Default Test Settings" id="9cfa8457-3efa-4fb8-a356-bfcb79349d0e">
    <Deployment runDeploymentRoot="Michael_MTUTTY-LAP 2011-09-10 19_58_20">
      <DeploymentItem filename="C:\Users\Michael\Documents\Visual Studio 2010\Projects\PersonalBlog\packages\FluentNHibernate.1.3.0.717\lib\FluentNHibernate.dll" />
      <DeploymentItem filename="C:\Users\Michael\Documents\Visual Studio 2010\Projects\PersonalBlog\packages\Iesi.Collections.3.2.0.4000\lib\Net35\Iesi.Collections.dll" />
      <DeploymentItem filename="C:\Users\Michael\Documents\Visual Studio 2010\Projects\PersonalBlog\packages\NHibernate.3.2.0.4000\lib\Net35\NHibernate.dll" />
      <DeploymentItem filename="C:\Users\Michael\Documents\Visual Studio 2010\Projects\PersonalBlog\packages\MySql.Data.6.4.3\lib\net40\mysql.data.dll" />
      <DeploymentItem filename="C:\Users\Michael\documents\visual studio 2010\Projects\PersonalBlog\PersonalBlog\bin\PersonalBlog.dll" />
    </Deployment>
    <Execution>
      <TestTypeSpecific />
      <AgentRule name="Execution Agents">
      </AgentRule>
    </Execution>
  </TestSettings>
  <Times creation="2011-09-10T19:58:20.8612150-05:00" queuing="2011-09-10T19:58:28.4510111-05:00" start="2011-09-10T17:58:29.3644512-05:00" finish="2011-09-10T17:58:45.4878904-05:00" />
  <ResultSummary outcome="Completed">
    <Counters total="1" executed="1" passed="1" error="0" failed="0" timeout="0" aborted="0" inconclusive="0" passedButRunAborted="0" notRunnable="0" notExecuted="0" disconnected="0" warning="0" completed="0" inProgress="0" pending="0" />
  </ResultSummary>
  <TestDefinitions>
    <UnitTest name="SessionFactoryWorks" storage="c:\users\michael\documents\visual studio 2010\projects\personalblog\personalblog.tests\bin\debug\personalblog.tests.dll" id="780baf48-1b07-6b1b-db57-9b3851db87d9">
      <Execution id="a53143d3-9934-4e4e-a787-437121c64423" />
      <TestMethod codeBase="C:/Users/Michael/Documents/Visual Studio 2010/Projects/PersonalBlog/PersonalBlog.Tests/bin/Debug/PersonalBlog.Tests.DLL" adapterTypeName="Microsoft.VisualStudio.TestTools.TestTypes.Unit.UnitTestAdapter, Microsoft.VisualStudio.QualityTools.Tips.UnitTest.Adapter, Version=10.0.0.0, Culture=neutral, PublicKeyToken=b03f5f7f11d50a3a" className="PersonalBlog.Tests.Models.BlogPostTest, PersonalBlog.Tests, Version=1.0.0.0, Culture=neutral, PublicKeyToken=null" name="SessionFactoryWorks" />
    </UnitTest>
  </TestDefinitions>
  <TestLists>
    <TestList name="Results Not in a List" id="8c84fa94-04c1-424b-9868-57a2d4851a1d" />
    <TestList name="All Loaded Results" id="19431567-8539-422a-85d7-44ee4e166bda" />
  </TestLists>
  <TestEntries>
    <TestEntry testId="780baf48-1b07-6b1b-db57-9b3851db87d9" executionId="a53143d3-9934-4e4e-a787-437121c64423" testListId="8c84fa94-04c1-424b-9868-57a2d4851a1d" />
  </TestEntries>
  <Results>
    <UnitTestResult executionId="a53143d3-9934-4e4e-a787-437121c64423" testId="780baf48-1b07-6b1b-db57-9b3851db87d9" testName="SessionFactoryWorks" computerName="MTUTTY-LAP" duration="00:00:08.6967864" startTime="2011-09-10T19:58:30.1178908-05:00" endTime="2011-09-10T19:58:45.1518712-05:00" testType="13cdc9d9-ddb5-4fa4-a97d-d965ccfc6d4b" outcome="Passed" testListId="8c84fa94-04c1-424b-9868-57a2d4851a1d" relativeResultsDirectory="a53143d3-9934-4e4e-a787-437121c64423">
    </UnitTestResult>
  </Results>
</TestRun>