<?xml version="1.0" encoding="UTF-8"?>
<TestRun id="299bd61f-ed59-4acf-8d87-d8b81bdfd205" name="Michael@MTUTTY-LAP 2011-09-05 21:15:17" runUser="mtutty-lap\Michael" xmlns="http://microsoft.com/schemas/VisualStudio/TeamTest/2010">
  <TestSettings name="Default Test Settings" id="8790931b-81f9-4de4-a89d-1d9d0ef5fadb">
    <Deployment runDeploymentRoot="Michael_MTUTTY-LAP 2011-09-05 21_15_17">
      <DeploymentItem filename="C:\Users\Michael\documents\visual studio 2010\Projects\PersonalBlog\packages\MySql.Data.6.4.3\lib\net40\mysql.data.dll" />
      <DeploymentItem filename="C:\Users\Michael\Documents\Visual Studio 2010\Projects\PersonalBlog\PersonalBlog\bin\PersonalBlog.dll" />
      <DeploymentItem filename="C:\Users\Michael\documents\visual studio 2010\Projects\PersonalBlog\packages\NHibernate.3.2.0.4000\lib\Net35\NHibernate.dll" />
      <DeploymentItem filename="C:\Users\Michael\documents\visual studio 2010\Projects\PersonalBlog\packages\Iesi.Collections.3.2.0.4000\lib\Net35\Iesi.Collections.dll" />
      <DeploymentItem filename="C:\Users\Michael\documents\visual studio 2010\Projects\PersonalBlog\packages\FluentNHibernate.1.3.0.717\lib\FluentNHibernate.dll" />
    </Deployment>
    <Execution>
      <TestTypeSpecific />
      <AgentRule name="Execution Agents">
      </AgentRule>
    </Execution>
  </TestSettings>
  <Times creation="2011-09-05T21:15:17.9618138-05:00" queuing="2011-09-05T21:15:19.0228745-05:00" start="2011-09-05T21:15:19.0388754-05:00" finish="2011-09-05T21:15:24.0661630-05:00" />
  <ResultSummary outcome="Failed">
    <Counters total="1" executed="1" error="0" failed="1" timeout="0" aborted="0" inconclusive="0" passedButRunAborted="0" notRunnable="0" notExecuted="0" disconnected="0" warning="0" passed="0" completed="0" inProgress="0" pending="0" />
  </ResultSummary>
  <TestDefinitions>
    <UnitTest name="TestBlogPostLifeCycle" storage="c:\users\michael\documents\visual studio 2010\projects\personalblog\personalblog.tests\bin\debug\personalblog.tests.dll" id="caa00a8b-f67b-8613-e961-0c6c51590ab6">
      <Execution id="46a407d9-336e-42cd-aee8-871ffc7a5c1f" />
      <TestMethod codeBase="C:/Users/Michael/documents/visual studio 2010/Projects/PersonalBlog/PersonalBlog.Tests/bin/Debug/PersonalBlog.Tests.DLL" adapterTypeName="Microsoft.VisualStudio.TestTools.TestTypes.Unit.UnitTestAdapter, Microsoft.VisualStudio.QualityTools.Tips.UnitTest.Adapter, Version=10.0.0.0, Culture=neutral, PublicKeyToken=b03f5f7f11d50a3a" className="PersonalBlog.Tests.Models.BlogPostTest, PersonalBlog.Tests, Version=1.0.0.0, Culture=neutral, PublicKeyToken=null" name="TestBlogPostLifeCycle" />
    </UnitTest>
  </TestDefinitions>
  <TestLists>
    <TestList name="Results Not in a List" id="8c84fa94-04c1-424b-9868-57a2d4851a1d" />
    <TestList name="All Loaded Results" id="19431567-8539-422a-85d7-44ee4e166bda" />
  </TestLists>
  <TestEntries>
    <TestEntry testId="caa00a8b-f67b-8613-e961-0c6c51590ab6" executionId="46a407d9-336e-42cd-aee8-871ffc7a5c1f" testListId="8c84fa94-04c1-424b-9868-57a2d4851a1d" />
  </TestEntries>
  <Results>
    <UnitTestResult executionId="46a407d9-336e-42cd-aee8-871ffc7a5c1f" testId="caa00a8b-f67b-8613-e961-0c6c51590ab6" testName="TestBlogPostLifeCycle" computerName="MTUTTY-LAP" duration="00:00:04.0078949" startTime="2011-09-05T21:15:19.0438757-05:00" endTime="2011-09-05T21:15:23.9501563-05:00" testType="13cdc9d9-ddb5-4fa4-a97d-d965ccfc6d4b" outcome="Failed" testListId="8c84fa94-04c1-424b-9868-57a2d4851a1d" relativeResultsDirectory="46a407d9-336e-42cd-aee8-871ffc7a5c1f">
      <Output>
        <ErrorInfo>
          <Message>Test method PersonalBlog.Tests.Models.BlogPostTest.TestBlogPostLifeCycle threw exception: 
System.NullReferenceException: Object reference not set to an instance of an object.</Message>
          <StackTrace>    at PersonalBlog.Tests.Models.BlogPostTest.TestBlogPostLifeCycle() in C:\Users\Michael\documents\visual studio 2010\Projects\PersonalBlog\PersonalBlog.Tests\Models\BlogPostTest.cs:line 318
</StackTrace>
        </ErrorInfo>
      </Output>
    </UnitTestResult>
  </Results>
</TestRun>