<?xml version="1.0" encoding="UTF-8"?>
<TestRun id="454b7479-ee4d-483b-a101-df0fdaa0a160" name="Michael@MTUTTY-LAP 2011-09-04 18:49:30" runUser="mtutty-lap\Michael" xmlns="http://microsoft.com/schemas/VisualStudio/TeamTest/2010">
  <TestSettings name="Default Test Settings" id="638b6e89-4b9b-4280-9c9c-ad59e7c18405">
    <Deployment runDeploymentRoot="Michael_MTUTTY-LAP 2011-09-04 18_49_30">
      <DeploymentItem filename="C:\Users\Michael\documents\visual studio 2010\Projects\PersonalBlog\packages\MySql.Data.6.4.3\lib\net40\mysql.data.dll" />
      <DeploymentItem filename="C:\Users\Michael\Documents\Visual Studio 2010\Projects\PersonalBlog\PersonalBlog\bin\PersonalBlog.dll" />
      <DeploymentItem filename="C:\Users\Michael\documents\visual studio 2010\Projects\PersonalBlog\packages\NHibernate.3.2.0.4000\lib\Net35\NHibernate.dll" />
      <DeploymentItem filename="C:\Users\Michael\documents\visual studio 2010\Projects\PersonalBlog\packages\Iesi.Collections.3.2.0.4000\lib\Net35\Iesi.Collections.dll" />
      <DeploymentItem filename="C:\Users\Michael\documents\visual studio 2010\Projects\PersonalBlog\packages\FluentNHibernate.1.3.0.717\lib\FluentNHibernate.dll" />
    </Deployment>
    <Execution>
      <TestTypeSpecific />
      <AgentRule name="Execution Agents">
      </AgentRule>
    </Execution>
  </TestSettings>
  <Times creation="2011-09-04T18:49:30.6788629-05:00" queuing="2011-09-04T18:49:31.8319272-05:00" start="2011-09-04T18:49:31.8839302-05:00" finish="2011-09-04T18:49:37.3992317-05:00" />
  <ResultSummary outcome="Completed">
    <Counters total="1" executed="1" passed="1" error="0" failed="0" timeout="0" aborted="0" inconclusive="0" passedButRunAborted="0" notRunnable="0" notExecuted="0" disconnected="0" warning="0" completed="0" inProgress="0" pending="0" />
  </ResultSummary>
  <TestDefinitions>
    <UnitTest name="TestRepositoryWorks" storage="c:\users\michael\documents\visual studio 2010\projects\personalblog\personalblog.tests\bin\debug\personalblog.tests.dll" id="4946f5a1-d518-b538-825c-01b1751bc569">
      <Execution id="94ffb908-d9dd-4fc7-9d29-783652bb6d26" />
      <TestMethod codeBase="C:/Users/Michael/documents/visual studio 2010/Projects/PersonalBlog/PersonalBlog.Tests/bin/Debug/PersonalBlog.Tests.DLL" adapterTypeName="Microsoft.VisualStudio.TestTools.TestTypes.Unit.UnitTestAdapter, Microsoft.VisualStudio.QualityTools.Tips.UnitTest.Adapter, Version=10.0.0.0, Culture=neutral, PublicKeyToken=b03f5f7f11d50a3a" className="PersonalBlog.Tests.Models.BlogPostTest, PersonalBlog.Tests, Version=1.0.0.0, Culture=neutral, PublicKeyToken=null" name="TestRepositoryWorks" />
    </UnitTest>
  </TestDefinitions>
  <TestLists>
    <TestList name="Results Not in a List" id="8c84fa94-04c1-424b-9868-57a2d4851a1d" />
    <TestList name="All Loaded Results" id="19431567-8539-422a-85d7-44ee4e166bda" />
  </TestLists>
  <TestEntries>
    <TestEntry testId="4946f5a1-d518-b538-825c-01b1751bc569" executionId="94ffb908-d9dd-4fc7-9d29-783652bb6d26" testListId="8c84fa94-04c1-424b-9868-57a2d4851a1d" />
  </TestEntries>
  <Results>
    <UnitTestResult executionId="94ffb908-d9dd-4fc7-9d29-783652bb6d26" testId="4946f5a1-d518-b538-825c-01b1751bc569" testName="TestRepositoryWorks" computerName="MTUTTY-LAP" duration="00:00:04.5904823" startTime="2011-09-04T18:49:31.8989311-05:00" endTime="2011-09-04T18:49:37.2982259-05:00" testType="13cdc9d9-ddb5-4fa4-a97d-d965ccfc6d4b" outcome="Passed" testListId="8c84fa94-04c1-424b-9868-57a2d4851a1d" relativeResultsDirectory="94ffb908-d9dd-4fc7-9d29-783652bb6d26">
    </UnitTestResult>
  </Results>
</TestRun>