<?xml version="1.0" encoding="UTF-8"?>
<TestRun id="3deacf0b-0e2b-4719-9346-8b5843bd8e39" name="Michael@MTUTTY-LAP 2011-09-10 18:12:06" runUser="mtutty-lap\Michael" xmlns="http://microsoft.com/schemas/VisualStudio/TeamTest/2010">
  <TestSettings name="Default Test Settings" id="f20c2b4e-3ce7-4c3b-82d1-e79ef74315f1">
    <Deployment runDeploymentRoot="Michael_MTUTTY-LAP 2011-09-10 18_12_06">
      <DeploymentItem filename="C:\Users\Michael\Documents\Visual Studio 2010\Projects\PersonalBlog\packages\FluentNHibernate.1.3.0.717\lib\FluentNHibernate.dll" />
      <DeploymentItem filename="C:\Users\Michael\Documents\Visual Studio 2010\Projects\PersonalBlog\packages\Iesi.Collections.3.2.0.4000\lib\Net35\Iesi.Collections.dll" />
      <DeploymentItem filename="C:\Users\Michael\Documents\Visual Studio 2010\Projects\PersonalBlog\packages\NHibernate.3.2.0.4000\lib\Net35\NHibernate.dll" />
      <DeploymentItem filename="C:\Users\Michael\Documents\Visual Studio 2010\Projects\PersonalBlog\packages\MySql.Data.6.4.3\lib\net40\mysql.data.dll" />
      <DeploymentItem filename="C:\Users\Michael\documents\visual studio 2010\Projects\PersonalBlog\PersonalBlog\bin\PersonalBlog.dll" />
    </Deployment>
    <Execution>
      <TestTypeSpecific />
      <AgentRule name="Execution Agents">
      </AgentRule>
    </Execution>
  </TestSettings>
  <Times creation="2011-09-10T18:12:06.6440361-05:00" queuing="2011-09-10T18:12:08.3789327-05:00" start="2011-09-10T16:12:08.5049356-05:00" finish="2011-09-10T16:12:09.5581898-05:00" />
  <ResultSummary outcome="Failed">
    <Counters total="1" executed="1" error="0" failed="1" timeout="0" aborted="0" inconclusive="0" passedButRunAborted="0" notRunnable="0" notExecuted="0" disconnected="0" warning="0" passed="0" completed="0" inProgress="0" pending="0" />
  </ResultSummary>
  <TestDefinitions>
    <UnitTest name="GetSettingIntTest" storage="c:\users\michael\documents\visual studio 2010\projects\personalblog\personalblog.tests\bin\debug\personalblog.tests.dll" id="656630bd-0ba5-6314-30e5-0c40dbf1c989">
      <Execution id="6d4b6ee7-21bb-4209-9cc6-9f7d4c722966" />
      <TestMethod codeBase="C:/Users/Michael/Documents/Visual Studio 2010/Projects/PersonalBlog/PersonalBlog.Tests/bin/Debug/PersonalBlog.Tests.DLL" adapterTypeName="Microsoft.VisualStudio.TestTools.TestTypes.Unit.UnitTestAdapter, Microsoft.VisualStudio.QualityTools.Tips.UnitTest.Adapter, Version=10.0.0.0, Culture=neutral, PublicKeyToken=b03f5f7f11d50a3a" className="PersonalBlog.Tests.ConfigSettingsServiceTest, PersonalBlog.Tests, Version=1.0.0.0, Culture=neutral, PublicKeyToken=null" name="GetSettingIntTest" />
    </UnitTest>
  </TestDefinitions>
  <TestLists>
    <TestList name="Results Not in a List" id="8c84fa94-04c1-424b-9868-57a2d4851a1d" />
    <TestList name="All Loaded Results" id="19431567-8539-422a-85d7-44ee4e166bda" />
  </TestLists>
  <TestEntries>
    <TestEntry testId="656630bd-0ba5-6314-30e5-0c40dbf1c989" executionId="6d4b6ee7-21bb-4209-9cc6-9f7d4c722966" testListId="8c84fa94-04c1-424b-9868-57a2d4851a1d" />
  </TestEntries>
  <Results>
    <UnitTestResult executionId="6d4b6ee7-21bb-4209-9cc6-9f7d4c722966" testId="656630bd-0ba5-6314-30e5-0c40dbf1c989" testName="GetSettingIntTest" computerName="MTUTTY-LAP" duration="00:00:00.1267382" startTime="2011-09-10T18:12:08.6109416-05:00" endTime="2011-09-10T18:12:09.4957897-05:00" testType="13cdc9d9-ddb5-4fa4-a97d-d965ccfc6d4b" outcome="Failed" testListId="8c84fa94-04c1-424b-9868-57a2d4851a1d" relativeResultsDirectory="6d4b6ee7-21bb-4209-9cc6-9f7d4c722966">
      <Output>
        <ErrorInfo>
          <Message>Test method PersonalBlog.Tests.ConfigSettingsServiceTest.GetSettingIntTest threw exception: 
System.NotImplementedException: The method or operation is not implemented.</Message>
          <StackTrace>    at PersonalBlog.Services.ConfigSettingsService.GetSetting(String p, Int32 p_2) in C:\Users\Michael\Documents\Visual Studio 2010\Projects\PersonalBlog\PersonalBlog\Services\ConfigSettingsService.cs:line 18
   at PersonalBlog.Tests.ConfigSettingsServiceTest.GetSettingIntTest() in C:\Users\Michael\Documents\Visual Studio 2010\Projects\PersonalBlog\PersonalBlog.Tests\ConfigSettingsServiceTest.cs:line 99
</StackTrace>
        </ErrorInfo>
      </Output>
    </UnitTestResult>
  </Results>
</TestRun>