<?xml version="1.0" encoding="UTF-8"?>
<TestRun id="ca4cee4f-7b5b-43d6-9281-dee20005943f" name="Michael@MTUTTY-LAP 2011-09-05 21:17:05" runUser="mtutty-lap\Michael" xmlns="http://microsoft.com/schemas/VisualStudio/TeamTest/2010">
  <TestSettings name="Default Test Settings" id="5f1e4cd1-d36f-434c-83ac-0f61215c38ca">
    <Deployment runDeploymentRoot="Michael_MTUTTY-LAP 2011-09-05 21_17_05">
      <DeploymentItem filename="C:\Users\Michael\documents\visual studio 2010\Projects\PersonalBlog\packages\MySql.Data.6.4.3\lib\net40\mysql.data.dll" />
      <DeploymentItem filename="C:\Users\Michael\Documents\Visual Studio 2010\Projects\PersonalBlog\PersonalBlog\bin\PersonalBlog.dll" />
      <DeploymentItem filename="C:\Users\Michael\documents\visual studio 2010\Projects\PersonalBlog\packages\NHibernate.3.2.0.4000\lib\Net35\NHibernate.dll" />
      <DeploymentItem filename="C:\Users\Michael\documents\visual studio 2010\Projects\PersonalBlog\packages\Iesi.Collections.3.2.0.4000\lib\Net35\Iesi.Collections.dll" />
      <DeploymentItem filename="C:\Users\Michael\documents\visual studio 2010\Projects\PersonalBlog\packages\FluentNHibernate.1.3.0.717\lib\FluentNHibernate.dll" />
    </Deployment>
    <Execution>
      <TestTypeSpecific />
      <AgentRule name="Execution Agents">
      </AgentRule>
    </Execution>
  </TestSettings>
  <Times creation="2011-09-05T21:17:05.5373194-05:00" queuing="2011-09-05T21:17:06.7283832-05:00" start="2011-09-05T21:17:06.8063877-05:00" finish="2011-09-05T21:17:10.8030128-05:00" />
  <ResultSummary outcome="Completed">
    <Counters total="1" executed="1" passed="1" error="0" failed="0" timeout="0" aborted="0" inconclusive="0" passedButRunAborted="0" notRunnable="0" notExecuted="0" disconnected="0" warning="0" completed="0" inProgress="0" pending="0" />
  </ResultSummary>
  <TestDefinitions>
    <UnitTest name="TestBlogPostLifeCycle" storage="c:\users\michael\documents\visual studio 2010\projects\personalblog\personalblog.tests\bin\debug\personalblog.tests.dll" id="caa00a8b-f67b-8613-e961-0c6c51590ab6">
      <Execution id="7ee94234-be99-4f64-8a1e-f8020665eac9" />
      <TestMethod codeBase="C:/Users/Michael/documents/visual studio 2010/Projects/PersonalBlog/PersonalBlog.Tests/bin/Debug/PersonalBlog.Tests.DLL" adapterTypeName="Microsoft.VisualStudio.TestTools.TestTypes.Unit.UnitTestAdapter, Microsoft.VisualStudio.QualityTools.Tips.UnitTest.Adapter, Version=10.0.0.0, Culture=neutral, PublicKeyToken=b03f5f7f11d50a3a" className="PersonalBlog.Tests.Models.BlogPostTest, PersonalBlog.Tests, Version=1.0.0.0, Culture=neutral, PublicKeyToken=null" name="TestBlogPostLifeCycle" />
    </UnitTest>
  </TestDefinitions>
  <TestLists>
    <TestList name="Results Not in a List" id="8c84fa94-04c1-424b-9868-57a2d4851a1d" />
    <TestList name="All Loaded Results" id="19431567-8539-422a-85d7-44ee4e166bda" />
  </TestLists>
  <TestEntries>
    <TestEntry testId="caa00a8b-f67b-8613-e961-0c6c51590ab6" executionId="7ee94234-be99-4f64-8a1e-f8020665eac9" testListId="8c84fa94-04c1-424b-9868-57a2d4851a1d" />
  </TestEntries>
  <Results>
    <UnitTestResult executionId="7ee94234-be99-4f64-8a1e-f8020665eac9" testId="caa00a8b-f67b-8613-e961-0c6c51590ab6" testName="TestBlogPostLifeCycle" computerName="MTUTTY-LAP" duration="00:00:03.3524794" startTime="2011-09-05T21:17:06.8533904-05:00" endTime="2011-09-05T21:17:10.7600104-05:00" testType="13cdc9d9-ddb5-4fa4-a97d-d965ccfc6d4b" outcome="Passed" testListId="8c84fa94-04c1-424b-9868-57a2d4851a1d" relativeResultsDirectory="7ee94234-be99-4f64-8a1e-f8020665eac9">
    </UnitTestResult>
  </Results>
</TestRun>