<?xml version="1.0" encoding="UTF-8"?>
<TestRun id="6367ae1b-3c99-4495-87a4-2363613c2052" name="Michael@MTUTTY-LAP 2011-09-10 18:17:10" runUser="mtutty-lap\Michael" xmlns="http://microsoft.com/schemas/VisualStudio/TeamTest/2010">
  <TestSettings name="Default Test Settings" id="9cfcca4c-5ec0-40e5-b90d-3240d56e6c97">
    <Deployment runDeploymentRoot="Michael_MTUTTY-LAP 2011-09-10 18_17_10">
      <DeploymentItem filename="C:\Users\Michael\Documents\Visual Studio 2010\Projects\PersonalBlog\packages\FluentNHibernate.1.3.0.717\lib\FluentNHibernate.dll" />
      <DeploymentItem filename="C:\Users\Michael\Documents\Visual Studio 2010\Projects\PersonalBlog\packages\Iesi.Collections.3.2.0.4000\lib\Net35\Iesi.Collections.dll" />
      <DeploymentItem filename="C:\Users\Michael\Documents\Visual Studio 2010\Projects\PersonalBlog\packages\NHibernate.3.2.0.4000\lib\Net35\NHibernate.dll" />
      <DeploymentItem filename="C:\Users\Michael\Documents\Visual Studio 2010\Projects\PersonalBlog\packages\MySql.Data.6.4.3\lib\net40\mysql.data.dll" />
      <DeploymentItem filename="C:\Users\Michael\documents\visual studio 2010\Projects\PersonalBlog\PersonalBlog\bin\PersonalBlog.dll" />
    </Deployment>
    <Execution>
      <TestTypeSpecific />
      <AgentRule name="Execution Agents">
      </AgentRule>
    </Execution>
  </TestSettings>
  <Times creation="2011-09-10T18:17:10.2195697-05:00" queuing="2011-09-10T18:17:11.9248569-05:00" start="2011-09-10T16:17:11.9488583-05:00" finish="2011-09-10T16:17:12.9827148-05:00" />
  <ResultSummary outcome="Completed">
    <Counters total="1" executed="1" passed="1" error="0" failed="0" timeout="0" aborted="0" inconclusive="0" passedButRunAborted="0" notRunnable="0" notExecuted="0" disconnected="0" warning="0" completed="0" inProgress="0" pending="0" />
  </ResultSummary>
  <TestDefinitions>
    <UnitTest name="GetSettingIntTest" storage="c:\users\michael\documents\visual studio 2010\projects\personalblog\personalblog.tests\bin\debug\personalblog.tests.dll" id="656630bd-0ba5-6314-30e5-0c40dbf1c989">
      <Execution id="fd85a10c-1c4a-4da7-b85d-3d8d48c9ca42" />
      <TestMethod codeBase="C:/Users/Michael/Documents/Visual Studio 2010/Projects/PersonalBlog/PersonalBlog.Tests/bin/Debug/PersonalBlog.Tests.DLL" adapterTypeName="Microsoft.VisualStudio.TestTools.TestTypes.Unit.UnitTestAdapter, Microsoft.VisualStudio.QualityTools.Tips.UnitTest.Adapter, Version=10.0.0.0, Culture=neutral, PublicKeyToken=b03f5f7f11d50a3a" className="PersonalBlog.Tests.ConfigSettingsServiceTest, PersonalBlog.Tests, Version=1.0.0.0, Culture=neutral, PublicKeyToken=null" name="GetSettingIntTest" />
    </UnitTest>
  </TestDefinitions>
  <TestLists>
    <TestList name="Results Not in a List" id="8c84fa94-04c1-424b-9868-57a2d4851a1d" />
    <TestList name="All Loaded Results" id="19431567-8539-422a-85d7-44ee4e166bda" />
  </TestLists>
  <TestEntries>
    <TestEntry testId="656630bd-0ba5-6314-30e5-0c40dbf1c989" executionId="fd85a10c-1c4a-4da7-b85d-3d8d48c9ca42" testListId="8c84fa94-04c1-424b-9868-57a2d4851a1d" />
  </TestEntries>
  <Results>
    <UnitTestResult executionId="fd85a10c-1c4a-4da7-b85d-3d8d48c9ca42" testId="656630bd-0ba5-6314-30e5-0c40dbf1c989" testName="GetSettingIntTest" computerName="MTUTTY-LAP" duration="00:00:00.0743117" startTime="2011-09-10T18:17:12.1498698-05:00" endTime="2011-09-10T18:17:12.9377122-05:00" testType="13cdc9d9-ddb5-4fa4-a97d-d965ccfc6d4b" outcome="Passed" testListId="8c84fa94-04c1-424b-9868-57a2d4851a1d" relativeResultsDirectory="fd85a10c-1c4a-4da7-b85d-3d8d48c9ca42">
    </UnitTestResult>
  </Results>
</TestRun>